<?xml version="1.0" encoding="UTF-8"?>
<testsuite xmlns:xsi="http://www.w3.org/2001/XMLSchema-instance" xsi:noNamespaceSchemaLocation="https://maven.apache.org/surefire/maven-surefire-plugin/xsd/surefire-test-report.xsd" version="3.0.2" name="edu.utvt.springboot.OneToManyTests" time="0.456" tests="5" errors="3" skipped="0" failures="0">
  <properties>
[...]
</properties>
  <testcase name="addAll" classname="edu.utvt.springboot.OneToManyTests" time="0.015">
    <error message="could not execute statement [Duplicate entry &apos;El Hobbit&apos; for key &apos;UKbl5j8rdj3klykbg0b1cjhc2g0&apos;] [insert into tc_books (publisher,title,year) values (?,?,?)]; SQL [insert into tc_books (publisher,title,year) values (?,?,?)]; constraint [UKbl5j8rdj3klykbg0b1cjhc2g0]" type="org.springframework.dao.DataIntegrityViolationException"><![CDATA[org.springframework.dao.DataIntegrityViolationException: could not execute statement [Duplicate entry 'El Hobbit' for key 'UKbl5j8rdj3klykbg0b1cjhc2g0'] [insert into tc_books (publisher,title,year) values (?,?,?)]; SQL [insert into tc_books (publisher,title,year) values (?,?,?)]; constraint [UKbl5j8rdj3klykbg0b1cjhc2g0]
	at org.springframework.orm.jpa.vendor.HibernateJpaDialect.convertHibernateAccessException(HibernateJpaDialect.java:290)
	at org.springframework.orm.jpa.vendor.HibernateJpaDialect.translateExceptionIfPossible(HibernateJpaDialect.java:241)
	at org.springframework.orm.jpa.AbstractEntityManagerFactoryBean.translateExceptionIfPossible(AbstractEntityManagerFactoryBean.java:560)
	at org.springframework.dao.support.ChainedPersistenceExceptionTranslator.translateExceptionIfPossible(ChainedPersistenceExceptionTranslator.java:61)
	at org.springframework.dao.support.DataAccessUtils.translateIfNecessary(DataAccessUtils.java:343)
	at org.springframework.dao.support.PersistenceExceptionTranslationInterceptor.invoke(PersistenceExceptionTranslationInterceptor.java:160)
	at org.springframework.aop.framework.ReflectiveMethodInvocation.proceed(ReflectiveMethodInvocation.java:184)
	at org.springframework.data.jpa.repository.support.CrudMethodMetadataPostProcessor$CrudMethodMetadataPopulatingMethodInterceptor.invoke(CrudMethodMetadataPostProcessor.java:165)
	at org.springframework.aop.framework.ReflectiveMethodInvocation.proceed(ReflectiveMethodInvocation.java:184)
	at org.springframework.aop.framework.JdkDynamicAopProxy.invoke(JdkDynamicAopProxy.java:223)
	at jdk.proxy2/jdk.proxy2.$Proxy160.save(Unknown Source)
	at edu.utvt.springboot.OneToManyTests.addAll(OneToManyTests.java:28)
	at java.base/java.lang.reflect.Method.invoke(Method.java:580)
	at java.base/java.util.ArrayList.forEach(ArrayList.java:1597)
	at java.base/java.util.ArrayList.forEach(ArrayList.java:1597)
Caused by: org.hibernate.exception.ConstraintViolationException: could not execute statement [Duplicate entry 'El Hobbit' for key 'UKbl5j8rdj3klykbg0b1cjhc2g0'] [insert into tc_books (publisher,title,year) values (?,?,?)]
	at org.hibernate.dialect.MySQLDialect.lambda$buildSQLExceptionConversionDelegate$3(MySQLDialect.java:1245)
	at org.hibernate.exception.internal.StandardSQLExceptionConverter.convert(StandardSQLExceptionConverter.java:58)
	at org.hibernate.engine.jdbc.spi.SqlExceptionHelper.convert(SqlExceptionHelper.java:108)
	at org.hibernate.engine.jdbc.internal.ResultSetReturnImpl.executeUpdate(ResultSetReturnImpl.java:197)
	at org.hibernate.id.insert.GetGeneratedKeysDelegate.performMutation(GetGeneratedKeysDelegate.java:116)
	at org.hibernate.engine.jdbc.mutation.internal.MutationExecutorSingleNonBatched.performNonBatchedOperations(MutationExecutorSingleNonBatched.java:47)
	at org.hibernate.engine.jdbc.mutation.internal.AbstractMutationExecutor.execute(AbstractMutationExecutor.java:55)
	at org.hibernate.persister.entity.mutation.InsertCoordinatorStandard.doStaticInserts(InsertCoordinatorStandard.java:194)
	at org.hibernate.persister.entity.mutation.InsertCoordinatorStandard.coordinateInsert(InsertCoordinatorStandard.java:132)
	at org.hibernate.persister.entity.mutation.InsertCoordinatorStandard.insert(InsertCoordinatorStandard.java:95)
	at org.hibernate.action.internal.EntityIdentityInsertAction.execute(EntityIdentityInsertAction.java:85)
	at org.hibernate.engine.spi.ActionQueue.execute(ActionQueue.java:682)
	at org.hibernate.engine.spi.ActionQueue.addResolvedEntityInsertAction(ActionQueue.java:293)
	at org.hibernate.engine.spi.ActionQueue.addInsertAction(ActionQueue.java:274)
	at org.hibernate.engine.spi.ActionQueue.addAction(ActionQueue.java:324)
	at org.hibernate.event.internal.AbstractSaveEventListener.addInsertAction(AbstractSaveEventListener.java:393)
	at org.hibernate.event.internal.AbstractSaveEventListener.performSaveOrReplicate(AbstractSaveEventListener.java:307)
	at org.hibernate.event.internal.AbstractSaveEventListener.performSave(AbstractSaveEventListener.java:223)
	at org.hibernate.event.internal.AbstractSaveEventListener.saveWithGeneratedId(AbstractSaveEventListener.java:136)
	at org.hibernate.event.internal.DefaultPersistEventListener.entityIsTransient(DefaultPersistEventListener.java:177)
	at org.hibernate.event.internal.DefaultPersistEventListener.persist(DefaultPersistEventListener.java:95)
	at org.hibernate.event.internal.DefaultPersistEventListener.onPersist(DefaultPersistEventListener.java:79)
	at org.hibernate.event.internal.DefaultPersistEventListener.onPersist(DefaultPersistEventListener.java:55)
	at org.hibernate.event.service.internal.EventListenerGroupImpl.fireEventOnEachListener(EventListenerGroupImpl.java:127)
	at org.hibernate.internal.SessionImpl.firePersist(SessionImpl.java:761)
	at org.hibernate.internal.SessionImpl.persist(SessionImpl.java:745)
	at java.base/jdk.internal.reflect.DirectMethodHandleAccessor.invoke(DirectMethodHandleAccessor.java:103)
	at java.base/java.lang.reflect.Method.invoke(Method.java:580)
	at org.springframework.orm.jpa.SharedEntityManagerCreator$SharedEntityManagerInvocationHandler.invoke(SharedEntityManagerCreator.java:320)
	at jdk.proxy2/jdk.proxy2.$Proxy132.persist(Unknown Source)
	at org.springframework.data.jpa.repository.support.SimpleJpaRepository.save(SimpleJpaRepository.java:627)
	at java.base/jdk.internal.reflect.DirectMethodHandleAccessor.invoke(DirectMethodHandleAccessor.java:103)
	at java.base/java.lang.reflect.Method.invoke(Method.java:580)
	at org.springframework.aop.support.AopUtils.invokeJoinpointUsingReflection(AopUtils.java:359)
	at org.springframework.data.repository.core.support.RepositoryMethodInvoker$RepositoryFragmentMethodInvoker.lambda$new$0(RepositoryMethodInvoker.java:277)
	at org.springframework.data.repository.core.support.RepositoryMethodInvoker.doInvoke(RepositoryMethodInvoker.java:170)
	at org.springframework.data.repository.core.support.RepositoryMethodInvoker.invoke(RepositoryMethodInvoker.java:158)
	at org.springframework.data.repository.core.support.RepositoryComposition$RepositoryFragments.invoke(RepositoryComposition.java:515)
	at org.springframework.data.repository.core.support.RepositoryComposition.invoke(RepositoryComposition.java:284)
	at org.springframework.data.repository.core.support.RepositoryFactorySupport$ImplementationMethodExecutionInterceptor.invoke(RepositoryFactorySupport.java:752)
	at org.springframework.aop.framework.ReflectiveMethodInvocation.proceed(ReflectiveMethodInvocation.java:184)
	at org.springframework.data.repository.core.support.QueryExecutorMethodInterceptor.doInvoke(QueryExecutorMethodInterceptor.java:174)
	at org.springframework.data.repository.core.support.QueryExecutorMethodInterceptor.invoke(QueryExecutorMethodInterceptor.java:149)
	at org.springframework.aop.framework.ReflectiveMethodInvocation.proceed(ReflectiveMethodInvocation.java:184)
	at org.springframework.data.projection.DefaultMethodInvokingMethodInterceptor.invoke(DefaultMethodInvokingMethodInterceptor.java:69)
	at org.springframework.aop.framework.ReflectiveMethodInvocation.proceed(ReflectiveMethodInvocation.java:184)
	at org.springframework.transaction.interceptor.TransactionAspectSupport.invokeWithinTransaction(TransactionAspectSupport.java:380)
	at org.springframework.transaction.interceptor.TransactionInterceptor.invoke(TransactionInterceptor.java:119)
	at org.springframework.aop.framework.ReflectiveMethodInvocation.proceed(ReflectiveMethodInvocation.java:184)
	at org.springframework.dao.support.PersistenceExceptionTranslationInterceptor.invoke(PersistenceExceptionTranslationInterceptor.java:138)
	... 9 more
Caused by: java.sql.SQLIntegrityConstraintViolationException: Duplicate entry 'El Hobbit' for key 'UKbl5j8rdj3klykbg0b1cjhc2g0'
	at com.mysql.cj.jdbc.exceptions.SQLError.createSQLException(SQLError.java:109)
	at com.mysql.cj.jdbc.exceptions.SQLExceptionsMapping.translateException(SQLExceptionsMapping.java:114)
	at com.mysql.cj.jdbc.ClientPreparedStatement.executeInternal(ClientPreparedStatement.java:988)
	at com.mysql.cj.jdbc.ClientPreparedStatement.executeUpdateInternal(ClientPreparedStatement.java:1166)
	at com.mysql.cj.jdbc.ClientPreparedStatement.executeUpdateInternal(ClientPreparedStatement.java:1101)
	at com.mysql.cj.jdbc.ClientPreparedStatement.executeLargeUpdate(ClientPreparedStatement.java:1467)
	at com.mysql.cj.jdbc.ClientPreparedStatement.executeUpdate(ClientPreparedStatement.java:1084)
	at com.zaxxer.hikari.pool.ProxyPreparedStatement.executeUpdate(ProxyPreparedStatement.java:61)
	at com.zaxxer.hikari.pool.HikariProxyPreparedStatement.executeUpdate(HikariProxyPreparedStatement.java)
	at org.hibernate.engine.jdbc.internal.ResultSetReturnImpl.executeUpdate(ResultSetReturnImpl.java:194)
	... 55 more
]]></error>
    <system-out><![CDATA[2025-03-19T09:18:21.871-06:00  INFO 1192 --- [SpringBoot] [           main] t.c.s.AnnotationConfigContextLoaderUtils : Could not detect default configuration classes for test class [edu.utvt.springboot.OneToManyTests]: OneToManyTests does not declare any static, non-private, non-final, nested classes annotated with @Configuration.
2025-03-19T09:18:21.873-06:00  INFO 1192 --- [SpringBoot] [           main] .b.t.c.SpringBootTestContextBootstrapper : Found @SpringBootConfiguration edu.utvt.springboot.Application for test class edu.utvt.springboot.OneToManyTests
Hibernate: insert into tc_books (publisher,title,year) values (?,?,?)
2025-03-19T09:18:21.887-06:00  WARN 1192 --- [SpringBoot] [           main] o.h.engine.jdbc.spi.SqlExceptionHelper   : SQL Error: 1062, SQLState: 23000
2025-03-19T09:18:21.887-06:00 ERROR 1192 --- [SpringBoot] [           main] o.h.engine.jdbc.spi.SqlExceptionHelper   : Duplicate entry 'El Hobbit' for key 'UKbl5j8rdj3klykbg0b1cjhc2g0'
]]></system-out>
  </testcase>
  <testcase name="delete" classname="edu.utvt.springboot.OneToManyTests" time="0.017">
    <error message="org.hibernate.TransientObjectException: persistent instance references an unsaved transient instance of &apos;edu.utvt.springboot.data.entities.Book&apos; (save the transient instance before flushing)" type="org.springframework.dao.InvalidDataAccessApiUsageException"><![CDATA[org.springframework.dao.InvalidDataAccessApiUsageException: org.hibernate.TransientObjectException: persistent instance references an unsaved transient instance of 'edu.utvt.springboot.data.entities.Book' (save the transient instance before flushing)
	at org.springframework.orm.jpa.EntityManagerFactoryUtils.convertJpaAccessExceptionIfPossible(EntityManagerFactoryUtils.java:368)
	at org.springframework.orm.jpa.vendor.HibernateJpaDialect.translateExceptionIfPossible(HibernateJpaDialect.java:246)
	at org.springframework.orm.jpa.JpaTransactionManager.doCommit(JpaTransactionManager.java:566)
	at org.springframework.transaction.support.AbstractPlatformTransactionManager.processCommit(AbstractPlatformTransactionManager.java:795)
	at org.springframework.transaction.support.AbstractPlatformTransactionManager.commit(AbstractPlatformTransactionManager.java:758)
	at org.springframework.transaction.interceptor.TransactionAspectSupport.commitTransactionAfterReturning(TransactionAspectSupport.java:698)
	at org.springframework.transaction.interceptor.TransactionAspectSupport.invokeWithinTransaction(TransactionAspectSupport.java:416)
	at org.springframework.transaction.interceptor.TransactionInterceptor.invoke(TransactionInterceptor.java:119)
	at org.springframework.aop.framework.ReflectiveMethodInvocation.proceed(ReflectiveMethodInvocation.java:184)
	at org.springframework.dao.support.PersistenceExceptionTranslationInterceptor.invoke(PersistenceExceptionTranslationInterceptor.java:138)
	at org.springframework.aop.framework.ReflectiveMethodInvocation.proceed(ReflectiveMethodInvocation.java:184)
	at org.springframework.data.jpa.repository.support.CrudMethodMetadataPostProcessor$CrudMethodMetadataPopulatingMethodInterceptor.invoke(CrudMethodMetadataPostProcessor.java:165)
	at org.springframework.aop.framework.ReflectiveMethodInvocation.proceed(ReflectiveMethodInvocation.java:184)
	at org.springframework.aop.framework.JdkDynamicAopProxy.invoke(JdkDynamicAopProxy.java:223)
	at jdk.proxy2/jdk.proxy2.$Proxy160.delete(Unknown Source)
	at edu.utvt.springboot.OneToManyTests.delete(OneToManyTests.java:70)
	at java.base/java.lang.reflect.Method.invoke(Method.java:580)
	at java.base/java.util.ArrayList.forEach(ArrayList.java:1597)
	at java.base/java.util.ArrayList.forEach(ArrayList.java:1597)
Caused by: java.lang.IllegalStateException: org.hibernate.TransientObjectException: persistent instance references an unsaved transient instance of 'edu.utvt.springboot.data.entities.Book' (save the transient instance before flushing)
	at org.hibernate.internal.ExceptionConverterImpl.convert(ExceptionConverterImpl.java:157)
	at org.hibernate.internal.ExceptionConverterImpl.convert(ExceptionConverterImpl.java:167)
	at org.hibernate.internal.ExceptionConverterImpl.convert(ExceptionConverterImpl.java:173)
	at org.hibernate.internal.SessionImpl.doFlush(SessionImpl.java:1433)
	at org.hibernate.internal.SessionImpl.managedFlush(SessionImpl.java:491)
	at org.hibernate.internal.SessionImpl.flushBeforeTransactionCompletion(SessionImpl.java:2354)
	at org.hibernate.internal.SessionImpl.beforeTransactionCompletion(SessionImpl.java:1978)
	at org.hibernate.engine.jdbc.internal.JdbcCoordinatorImpl.beforeTransactionCompletion(JdbcCoordinatorImpl.java:439)
	at org.hibernate.resource.transaction.backend.jdbc.internal.JdbcResourceLocalTransactionCoordinatorImpl.beforeCompletionCallback(JdbcResourceLocalTransactionCoordinatorImpl.java:169)
	at org.hibernate.resource.transaction.backend.jdbc.internal.JdbcResourceLocalTransactionCoordinatorImpl$TransactionDriverControlImpl.commit(JdbcResourceLocalTransactionCoordinatorImpl.java:267)
	at org.hibernate.engine.transaction.internal.TransactionImpl.commit(TransactionImpl.java:101)
	at org.springframework.orm.jpa.JpaTransactionManager.doCommit(JpaTransactionManager.java:562)
	... 16 more
Caused by: org.hibernate.TransientObjectException: persistent instance references an unsaved transient instance of 'edu.utvt.springboot.data.entities.Book' (save the transient instance before flushing)
	at org.hibernate.engine.spi.CascadingActions$9.cascade(CascadingActions.java:382)
	at org.hibernate.engine.spi.CascadingActions$9.cascade(CascadingActions.java:372)
	at org.hibernate.engine.internal.Cascade.cascadeToOne(Cascade.java:570)
	at org.hibernate.engine.internal.Cascade.cascadeAssociation(Cascade.java:492)
	at org.hibernate.engine.internal.Cascade.cascadeProperty(Cascade.java:253)
	at org.hibernate.engine.internal.Cascade.cascadeCollectionElements(Cascade.java:604)
	at org.hibernate.engine.internal.Cascade.cascadeCollection(Cascade.java:534)
	at org.hibernate.engine.internal.Cascade.cascadeAssociation(Cascade.java:495)
	at org.hibernate.engine.internal.Cascade.cascadeProperty(Cascade.java:253)
	at org.hibernate.engine.internal.Cascade.cascade(Cascade.java:192)
	at org.hibernate.event.internal.AbstractFlushingEventListener.prepareEntityFlushes(AbstractFlushingEventListener.java:169)
	at org.hibernate.event.internal.AbstractFlushingEventListener.preFlush(AbstractFlushingEventListener.java:107)
	at org.hibernate.event.internal.AbstractFlushingEventListener.flushEverythingToExecutions(AbstractFlushingEventListener.java:82)
	at org.hibernate.event.internal.DefaultFlushEventListener.onFlush(DefaultFlushEventListener.java:40)
	at org.hibernate.event.service.internal.EventListenerGroupImpl.fireEventOnEachListener(EventListenerGroupImpl.java:127)
	at org.hibernate.internal.SessionImpl.doFlush(SessionImpl.java:1429)
	... 24 more
]]></error>
    <system-out><![CDATA[Hibernate: select b1_0.id,b1_0.publisher,b1_0.title,b1_0.year from tc_books b1_0
Hibernate: select r1_0.book_id,r1_0.id,r1_0.classification from tc_ratings r1_0 where r1_0.book_id=?
Hibernate: select a1_0.book_id,a1_1.id,a2_0.id,a2_0.city,a2_0.street,a1_1.full_name from tr_authors_books a1_0 join te_authors a1_1 on a1_1.id=a1_0.author_id left join tc_address a2_0 on a1_1.id=a2_0.author_id where a1_0.book_id=?
Hibernate: select r1_0.book_id,r1_0.id,r1_0.classification from tc_ratings r1_0 where r1_0.book_id=?
Hibernate: select a1_0.book_id,a1_1.id,a2_0.id,a2_0.city,a2_0.street,a1_1.full_name from tr_authors_books a1_0 join te_authors a1_1 on a1_1.id=a1_0.author_id left join tc_address a2_0 on a1_1.id=a2_0.author_id where a1_0.book_id=?
Hibernate: select b1_0.author_id,b1_1.id,b1_1.publisher,b1_1.title,b1_1.year from tr_authors_books b1_0 join tc_books b1_1 on b1_1.id=b1_0.book_id where b1_0.author_id=?
Hibernate: select b1_0.id,b1_0.publisher,b1_0.title,b1_0.year,a1_0.book_id,a1_1.id,a2_0.id,a2_0.city,a2_0.street,a1_1.full_name from tc_books b1_0 left join tr_authors_books a1_0 on b1_0.id=a1_0.book_id left join te_authors a1_1 on a1_1.id=a1_0.author_id left join tc_address a2_0 on a1_1.id=a2_0.author_id where b1_0.id=?
Hibernate: select r1_0.book_id,r1_0.id,r1_0.classification from tc_ratings r1_0 where r1_0.book_id=?
Hibernate: select b1_0.author_id,b1_1.id,b1_1.publisher,b1_1.title,b1_1.year from tr_authors_books b1_0 join tc_books b1_1 on b1_1.id=b1_0.book_id where b1_0.author_id=?
]]></system-out>
  </testcase>
  <testcase name="addBook" classname="edu.utvt.springboot.OneToManyTests" time="0.012">
    <error message="could not execute statement [Duplicate entry &apos;El señor de los anillos&apos; for key &apos;UKbl5j8rdj3klykbg0b1cjhc2g0&apos;] [insert into tc_books (publisher,title,year) values (?,?,?)]; SQL [insert into tc_books (publisher,title,year) values (?,?,?)]; constraint [UKbl5j8rdj3klykbg0b1cjhc2g0]" type="org.springframework.dao.DataIntegrityViolationException"><![CDATA[org.springframework.dao.DataIntegrityViolationException: could not execute statement [Duplicate entry 'El señor de los anillos' for key 'UKbl5j8rdj3klykbg0b1cjhc2g0'] [insert into tc_books (publisher,title,year) values (?,?,?)]; SQL [insert into tc_books (publisher,title,year) values (?,?,?)]; constraint [UKbl5j8rdj3klykbg0b1cjhc2g0]
	at org.springframework.orm.jpa.vendor.HibernateJpaDialect.convertHibernateAccessException(HibernateJpaDialect.java:290)
	at org.springframework.orm.jpa.vendor.HibernateJpaDialect.translateExceptionIfPossible(HibernateJpaDialect.java:241)
	at org.springframework.orm.jpa.AbstractEntityManagerFactoryBean.translateExceptionIfPossible(AbstractEntityManagerFactoryBean.java:560)
	at org.springframework.dao.support.ChainedPersistenceExceptionTranslator.translateExceptionIfPossible(ChainedPersistenceExceptionTranslator.java:61)
	at org.springframework.dao.support.DataAccessUtils.translateIfNecessary(DataAccessUtils.java:343)
	at org.springframework.dao.support.PersistenceExceptionTranslationInterceptor.invoke(PersistenceExceptionTranslationInterceptor.java:160)
	at org.springframework.aop.framework.ReflectiveMethodInvocation.proceed(ReflectiveMethodInvocation.java:184)
	at org.springframework.data.jpa.repository.support.CrudMethodMetadataPostProcessor$CrudMethodMetadataPopulatingMethodInterceptor.invoke(CrudMethodMetadataPostProcessor.java:165)
	at org.springframework.aop.framework.ReflectiveMethodInvocation.proceed(ReflectiveMethodInvocation.java:184)
	at org.springframework.aop.framework.JdkDynamicAopProxy.invoke(JdkDynamicAopProxy.java:223)
	at jdk.proxy2/jdk.proxy2.$Proxy160.save(Unknown Source)
	at edu.utvt.springboot.OneToManyTests.addBook(OneToManyTests.java:34)
	at java.base/java.lang.reflect.Method.invoke(Method.java:580)
	at java.base/java.util.ArrayList.forEach(ArrayList.java:1597)
	at java.base/java.util.ArrayList.forEach(ArrayList.java:1597)
Caused by: org.hibernate.exception.ConstraintViolationException: could not execute statement [Duplicate entry 'El señor de los anillos' for key 'UKbl5j8rdj3klykbg0b1cjhc2g0'] [insert into tc_books (publisher,title,year) values (?,?,?)]
	at org.hibernate.dialect.MySQLDialect.lambda$buildSQLExceptionConversionDelegate$3(MySQLDialect.java:1245)
	at org.hibernate.exception.internal.StandardSQLExceptionConverter.convert(StandardSQLExceptionConverter.java:58)
	at org.hibernate.engine.jdbc.spi.SqlExceptionHelper.convert(SqlExceptionHelper.java:108)
	at org.hibernate.engine.jdbc.internal.ResultSetReturnImpl.executeUpdate(ResultSetReturnImpl.java:197)
	at org.hibernate.id.insert.GetGeneratedKeysDelegate.performMutation(GetGeneratedKeysDelegate.java:116)
	at org.hibernate.engine.jdbc.mutation.internal.MutationExecutorSingleNonBatched.performNonBatchedOperations(MutationExecutorSingleNonBatched.java:47)
	at org.hibernate.engine.jdbc.mutation.internal.AbstractMutationExecutor.execute(AbstractMutationExecutor.java:55)
	at org.hibernate.persister.entity.mutation.InsertCoordinatorStandard.doStaticInserts(InsertCoordinatorStandard.java:194)
	at org.hibernate.persister.entity.mutation.InsertCoordinatorStandard.coordinateInsert(InsertCoordinatorStandard.java:132)
	at org.hibernate.persister.entity.mutation.InsertCoordinatorStandard.insert(InsertCoordinatorStandard.java:95)
	at org.hibernate.action.internal.EntityIdentityInsertAction.execute(EntityIdentityInsertAction.java:85)
	at org.hibernate.engine.spi.ActionQueue.execute(ActionQueue.java:682)
	at org.hibernate.engine.spi.ActionQueue.addResolvedEntityInsertAction(ActionQueue.java:293)
	at org.hibernate.engine.spi.ActionQueue.addInsertAction(ActionQueue.java:274)
	at org.hibernate.engine.spi.ActionQueue.addAction(ActionQueue.java:324)
	at org.hibernate.event.internal.AbstractSaveEventListener.addInsertAction(AbstractSaveEventListener.java:393)
	at org.hibernate.event.internal.AbstractSaveEventListener.performSaveOrReplicate(AbstractSaveEventListener.java:307)
	at org.hibernate.event.internal.AbstractSaveEventListener.performSave(AbstractSaveEventListener.java:223)
	at org.hibernate.event.internal.AbstractSaveEventListener.saveWithGeneratedId(AbstractSaveEventListener.java:136)
	at org.hibernate.event.internal.DefaultPersistEventListener.entityIsTransient(DefaultPersistEventListener.java:177)
	at org.hibernate.event.internal.DefaultPersistEventListener.persist(DefaultPersistEventListener.java:95)
	at org.hibernate.event.internal.DefaultPersistEventListener.onPersist(DefaultPersistEventListener.java:79)
	at org.hibernate.event.internal.DefaultPersistEventListener.onPersist(DefaultPersistEventListener.java:55)
	at org.hibernate.event.service.internal.EventListenerGroupImpl.fireEventOnEachListener(EventListenerGroupImpl.java:127)
	at org.hibernate.internal.SessionImpl.firePersist(SessionImpl.java:761)
	at org.hibernate.internal.SessionImpl.persist(SessionImpl.java:745)
	at java.base/jdk.internal.reflect.DirectMethodHandleAccessor.invoke(DirectMethodHandleAccessor.java:103)
	at java.base/java.lang.reflect.Method.invoke(Method.java:580)
	at org.springframework.orm.jpa.SharedEntityManagerCreator$SharedEntityManagerInvocationHandler.invoke(SharedEntityManagerCreator.java:320)
	at jdk.proxy2/jdk.proxy2.$Proxy132.persist(Unknown Source)
	at org.springframework.data.jpa.repository.support.SimpleJpaRepository.save(SimpleJpaRepository.java:627)
	at java.base/jdk.internal.reflect.DirectMethodHandleAccessor.invoke(DirectMethodHandleAccessor.java:103)
	at java.base/java.lang.reflect.Method.invoke(Method.java:580)
	at org.springframework.aop.support.AopUtils.invokeJoinpointUsingReflection(AopUtils.java:359)
	at org.springframework.data.repository.core.support.RepositoryMethodInvoker$RepositoryFragmentMethodInvoker.lambda$new$0(RepositoryMethodInvoker.java:277)
	at org.springframework.data.repository.core.support.RepositoryMethodInvoker.doInvoke(RepositoryMethodInvoker.java:170)
	at org.springframework.data.repository.core.support.RepositoryMethodInvoker.invoke(RepositoryMethodInvoker.java:158)
	at org.springframework.data.repository.core.support.RepositoryComposition$RepositoryFragments.invoke(RepositoryComposition.java:515)
	at org.springframework.data.repository.core.support.RepositoryComposition.invoke(RepositoryComposition.java:284)
	at org.springframework.data.repository.core.support.RepositoryFactorySupport$ImplementationMethodExecutionInterceptor.invoke(RepositoryFactorySupport.java:752)
	at org.springframework.aop.framework.ReflectiveMethodInvocation.proceed(ReflectiveMethodInvocation.java:184)
	at org.springframework.data.repository.core.support.QueryExecutorMethodInterceptor.doInvoke(QueryExecutorMethodInterceptor.java:174)
	at org.springframework.data.repository.core.support.QueryExecutorMethodInterceptor.invoke(QueryExecutorMethodInterceptor.java:149)
	at org.springframework.aop.framework.ReflectiveMethodInvocation.proceed(ReflectiveMethodInvocation.java:184)
	at org.springframework.data.projection.DefaultMethodInvokingMethodInterceptor.invoke(DefaultMethodInvokingMethodInterceptor.java:69)
	at org.springframework.aop.framework.ReflectiveMethodInvocation.proceed(ReflectiveMethodInvocation.java:184)
	at org.springframework.transaction.interceptor.TransactionAspectSupport.invokeWithinTransaction(TransactionAspectSupport.java:380)
	at org.springframework.transaction.interceptor.TransactionInterceptor.invoke(TransactionInterceptor.java:119)
	at org.springframework.aop.framework.ReflectiveMethodInvocation.proceed(ReflectiveMethodInvocation.java:184)
	at org.springframework.dao.support.PersistenceExceptionTranslationInterceptor.invoke(PersistenceExceptionTranslationInterceptor.java:138)
	... 9 more
Caused by: java.sql.SQLIntegrityConstraintViolationException: Duplicate entry 'El señor de los anillos' for key 'UKbl5j8rdj3klykbg0b1cjhc2g0'
	at com.mysql.cj.jdbc.exceptions.SQLError.createSQLException(SQLError.java:109)
	at com.mysql.cj.jdbc.exceptions.SQLExceptionsMapping.translateException(SQLExceptionsMapping.java:114)
	at com.mysql.cj.jdbc.ClientPreparedStatement.executeInternal(ClientPreparedStatement.java:988)
	at com.mysql.cj.jdbc.ClientPreparedStatement.executeUpdateInternal(ClientPreparedStatement.java:1166)
	at com.mysql.cj.jdbc.ClientPreparedStatement.executeUpdateInternal(ClientPreparedStatement.java:1101)
	at com.mysql.cj.jdbc.ClientPreparedStatement.executeLargeUpdate(ClientPreparedStatement.java:1467)
	at com.mysql.cj.jdbc.ClientPreparedStatement.executeUpdate(ClientPreparedStatement.java:1084)
	at com.zaxxer.hikari.pool.ProxyPreparedStatement.executeUpdate(ProxyPreparedStatement.java:61)
	at com.zaxxer.hikari.pool.HikariProxyPreparedStatement.executeUpdate(HikariProxyPreparedStatement.java)
	at org.hibernate.engine.jdbc.internal.ResultSetReturnImpl.executeUpdate(ResultSetReturnImpl.java:194)
	... 55 more
]]></error>
    <system-out><![CDATA[Hibernate: insert into tc_books (publisher,title,year) values (?,?,?)
2025-03-19T09:18:21.920-06:00  WARN 1192 --- [SpringBoot] [           main] o.h.engine.jdbc.spi.SqlExceptionHelper   : SQL Error: 1062, SQLState: 23000
2025-03-19T09:18:21.920-06:00 ERROR 1192 --- [SpringBoot] [           main] o.h.engine.jdbc.spi.SqlExceptionHelper   : Duplicate entry 'El señor de los anillos' for key 'UKbl5j8rdj3klykbg0b1cjhc2g0'
]]></system-out>
  </testcase>
  <testcase name="addRating" classname="edu.utvt.springboot.OneToManyTests" time="0.375">
    <system-out><![CDATA[Hibernate: select count(*) from tc_books b1_0
Hibernate: select b1_0.id,b1_0.publisher,b1_0.title,b1_0.year from tc_books b1_0
Hibernate: select r1_0.book_id,r1_0.id,r1_0.classification from tc_ratings r1_0 where r1_0.book_id=?
Hibernate: select a1_0.book_id,a1_1.id,a2_0.id,a2_0.city,a2_0.street,a1_1.full_name from tr_authors_books a1_0 join te_authors a1_1 on a1_1.id=a1_0.author_id left join tc_address a2_0 on a1_1.id=a2_0.author_id where a1_0.book_id=?
Hibernate: select r1_0.book_id,r1_0.id,r1_0.classification from tc_ratings r1_0 where r1_0.book_id=?
Hibernate: select a1_0.book_id,a1_1.id,a2_0.id,a2_0.city,a2_0.street,a1_1.full_name from tr_authors_books a1_0 join te_authors a1_1 on a1_1.id=a1_0.author_id left join tc_address a2_0 on a1_1.id=a2_0.author_id where a1_0.book_id=?
Hibernate: select b1_0.author_id,b1_1.id,b1_1.publisher,b1_1.title,b1_1.year from tr_authors_books b1_0 join tc_books b1_1 on b1_1.id=b1_0.book_id where b1_0.author_id=?
Hibernate: insert into tc_ratings (book_id,classification) values (?,?)
]]></system-out>
  </testcase>
  <testcase name="eagerFetch" classname="edu.utvt.springboot.OneToManyTests" time="0.022">
    <system-out><![CDATA[Hibernate: select count(*) from tc_books b1_0
Hibernate: select b1_0.id,b1_0.publisher,b1_0.title,b1_0.year from tc_books b1_0
Hibernate: select r1_0.book_id,r1_0.id,r1_0.classification from tc_ratings r1_0 where r1_0.book_id=?
Hibernate: select a1_0.book_id,a1_1.id,a2_0.id,a2_0.city,a2_0.street,a1_1.full_name from tr_authors_books a1_0 join te_authors a1_1 on a1_1.id=a1_0.author_id left join tc_address a2_0 on a1_1.id=a2_0.author_id where a1_0.book_id=?
Hibernate: select r1_0.book_id,r1_0.id,r1_0.classification from tc_ratings r1_0 where r1_0.book_id=?
Hibernate: select a1_0.book_id,a1_1.id,a2_0.id,a2_0.city,a2_0.street,a1_1.full_name from tr_authors_books a1_0 join te_authors a1_1 on a1_1.id=a1_0.author_id left join tc_address a2_0 on a1_1.id=a2_0.author_id where a1_0.book_id=?
Hibernate: select b1_0.author_id,b1_1.id,b1_1.publisher,b1_1.title,b1_1.year from tr_authors_books b1_0 join tc_books b1_1 on b1_1.id=b1_0.book_id where b1_0.author_id=?
Hibernate: select b1_0.id,b1_0.publisher,b1_0.title,b1_0.year,a1_0.book_id,a1_1.id,a2_0.id,a2_0.city,a2_0.street,a1_1.full_name from tc_books b1_0 left join tr_authors_books a1_0 on b1_0.id=a1_0.book_id left join te_authors a1_1 on a1_1.id=a1_0.author_id left join tc_address a2_0 on a1_1.id=a2_0.author_id where b1_0.id=?
Hibernate: select r1_0.book_id,r1_0.id,r1_0.classification from tc_ratings r1_0 where r1_0.book_id=?
Hibernate: select b1_0.author_id,b1_1.id,b1_1.publisher,b1_1.title,b1_1.year from tr_authors_books b1_0 join tc_books b1_1 on b1_1.id=b1_0.book_id where b1_0.author_id=?
Hibernate: insert into tc_ratings (book_id,classification) values (?,?)
edu.utvt.springboot.data.entities.Rating@3fb8e8cf
edu.utvt.springboot.data.entities.Rating@4483e237
edu.utvt.springboot.data.entities.Rating@6466e599
edu.utvt.springboot.data.entities.Rating@4115b8a7
]]></system-out>
  </testcase>
</testsuite>