<?xml version="1.0" encoding="UTF-8"?>
<testsuite xmlns:xsi="http://www.w3.org/2001/XMLSchema-instance" xsi:noNamespaceSchemaLocation="https://maven.apache.org/surefire/maven-surefire-plugin/xsd/surefire-test-report.xsd" version="3.0.2" name="edu.utvt.springboot.ManyToManyTests" time="0.089" tests="2" errors="0" skipped="0" failures="0">
  <properties>
[...]
</properties>
  <testcase name="delete" classname="edu.utvt.springboot.ManyToManyTests" time="0.059">
    <system-out><![CDATA[2025-03-19T09:18:21.779-06:00  INFO 1192 --- [SpringBoot] [           main] t.c.s.AnnotationConfigContextLoaderUtils : Could not detect default configuration classes for test class [edu.utvt.springboot.ManyToManyTests]: ManyToManyTests does not declare any static, non-private, non-final, nested classes annotated with @Configuration.
2025-03-19T09:18:21.781-06:00  INFO 1192 --- [SpringBoot] [           main] .b.t.c.SpringBootTestContextBootstrapper : Found @SpringBootConfiguration edu.utvt.springboot.Application for test class edu.utvt.springboot.ManyToManyTests
Hibernate: select a1_0.id,a1_0.full_name from te_authors a1_0
Hibernate: select a1_0.id,a2_0.id,a2_0.full_name,b1_0.author_id,b1_1.id,b1_1.publisher,b1_1.title,b1_1.year,a1_0.city,a1_0.street from tc_address a1_0 left join te_authors a2_0 on a2_0.id=a1_0.author_id left join tr_authors_books b1_0 on a2_0.id=b1_0.author_id left join tc_books b1_1 on b1_1.id=b1_0.book_id where a1_0.author_id=?
Hibernate: select r1_0.book_id,r1_0.id,r1_0.classification from tc_ratings r1_0 where r1_0.book_id=?
Hibernate: select a1_0.book_id,a1_1.id,a2_0.id,a2_0.city,a2_0.street,a1_1.full_name from tr_authors_books a1_0 join te_authors a1_1 on a1_1.id=a1_0.author_id left join tc_address a2_0 on a1_1.id=a2_0.author_id where a1_0.book_id=?
Hibernate: select a1_0.id,a2_0.id,a2_0.city,a2_0.street,a1_0.full_name,b1_0.author_id,b1_1.id,b1_1.publisher,b1_1.title,b1_1.year from te_authors a1_0 left join tc_address a2_0 on a1_0.id=a2_0.author_id left join tr_authors_books b1_0 on a1_0.id=b1_0.author_id left join tc_books b1_1 on b1_1.id=b1_0.book_id where a1_0.id=?
Hibernate: select r1_0.book_id,r1_0.id,r1_0.classification from tc_ratings r1_0 where r1_0.book_id=?
Hibernate: select a1_0.book_id,a1_1.id,a2_0.id,a2_0.city,a2_0.street,a1_1.full_name from tr_authors_books a1_0 join te_authors a1_1 on a1_1.id=a1_0.author_id left join tc_address a2_0 on a1_1.id=a2_0.author_id where a1_0.book_id=?
Hibernate: delete from tr_authors_books where author_id=?
Hibernate: delete from tc_address where id=?
Hibernate: delete from te_authors where id=?
]]></system-out>
  </testcase>
  <testcase name="test" classname="edu.utvt.springboot.ManyToManyTests" time="0.019">
    <system-out><![CDATA[Hibernate: select b1_0.id,b1_0.publisher,b1_0.title,b1_0.year from tc_books b1_0
Hibernate: select r1_0.book_id,r1_0.id,r1_0.classification from tc_ratings r1_0 where r1_0.book_id=?
Hibernate: select a1_0.book_id,a1_1.id,a2_0.id,a2_0.city,a2_0.street,a1_1.full_name from tr_authors_books a1_0 join te_authors a1_1 on a1_1.id=a1_0.author_id left join tc_address a2_0 on a1_1.id=a2_0.author_id where a1_0.book_id=?
Hibernate: select r1_0.book_id,r1_0.id,r1_0.classification from tc_ratings r1_0 where r1_0.book_id=?
Hibernate: select a1_0.book_id,a1_1.id,a2_0.id,a2_0.city,a2_0.street,a1_1.full_name from tr_authors_books a1_0 join te_authors a1_1 on a1_1.id=a1_0.author_id left join tc_address a2_0 on a1_1.id=a2_0.author_id where a1_0.book_id=?
Hibernate: insert into te_authors (full_name) values (?)
Hibernate: insert into tr_authors_books (author_id,book_id) values (?,?)
]]></system-out>
  </testcase>
</testsuite>